<?xml version="1.0" encoding="UTF-8"?>
<!-- Generated by org.testng.reporters.JUnitReportReporter -->
<testsuite hostname="Desktop-PR-27" failures="0" tests="3" name="seleniumWithTestNG.testNGdemo" time="1.173" errors="0" timestamp="2022-11-22T12:56:37 IST" skipped="0">
  <testcase classname="seleniumWithTestNG.testNGdemo" name="signIn3" time="0.067"/>
  <system-out/>
  <testcase classname="seleniumWithTestNG.testNGdemo" name="signIn2" time="0.148"/>
  <system-out/>
  <testcase classname="seleniumWithTestNG.testNGdemo" name="signIn1" time="0.958"/>
  <system-out/>
</testsuite> <!-- seleniumWithTestNG.testNGdemo -->
