<?xml version="1.0" encoding="UTF-8"?>
<!-- Generated by org.testng.reporters.JUnitReportReporter -->
<testsuite hostname="Desktop-PR-27" failures="0" tests="1" name="org.runner.Run" time="17.374" errors="0" timestamp="2022-12-06T13:01:37 IST" skipped="0">
  <testcase classname="org.runner.Run" name="testScenario_1" time="17.374"/>
  <system-out/>
</testsuite> <!-- org.runner.Run -->
