<?xml version="1.0" encoding="UTF-8"?>
<!-- Generated by org.testng.reporters.JUnitReportReporter -->
<testsuite hostname="Desktop-PR-27" failures="0" tests="1" name="SignInModule._03_valid_username_invalid_password" time="1.224" errors="0" timestamp="2022-11-24T18:02:12 IST" skipped="0">
  <testcase classname="SignInModule._03_valid_username_invalid_password" name="signIn1" time="1.224"/>
  <system-out/>
</testsuite> <!-- SignInModule._03_valid_username_invalid_password -->
